Started GET "/" for 127.0.0.1 at 2023-11-15 00:34:05 +0100
  [1m[35m (3.0ms)[0m  [1m[35mCREATE TABLE "schema_migrations" ("version" varchar NOT NULL PRIMARY KEY)[0m
  [1m[35m (0.6ms)[0m  [1m[35mCREATE TABLE "ar_internal_metadata" ("key" varchar NOT NULL PRIMARY KEY, "value" varchar, "created_at" datetime(6) NOT NULL, "updated_at" datetime(6) NOT NULL)[0m
  [1m[36mActiveRecord::SchemaMigration Load (0.2ms)[0m  [1m[34mSELECT "schema_migrations"."version" FROM "schema_migrations" ORDER BY "schema_migrations"."version" ASC[0m
Processing by Rails::WelcomeController#index as HTML
  Rendering /usr/lib/ruby/gems/3.2.0/gems/railties-7.1.2/lib/rails/templates/rails/welcome/index.html.erb
  Rendered /usr/lib/ruby/gems/3.2.0/gems/railties-7.1.2/lib/rails/templates/rails/welcome/index.html.erb (Duration: 1.3ms | Allocations: 375)
Completed 200 OK in 35ms (Views: 11.8ms | ActiveRecord: 0.0ms | Allocations: 7864)


Started GET "/" for 127.0.0.1 at 2023-11-15 00:35:24 +0100
Processing by HomeController#index as HTML
  Rendering layout layouts/application.html.erb
  Rendering home/index.html.erb within layouts/application
  Rendered home/index.html.erb within layouts/application (Duration: 0.4ms | Allocations: 84)
  Rendered layout layouts/application.html.erb (Duration: 695.8ms | Allocations: 76324)
Completed 200 OK in 699ms (Views: 698.1ms | ActiveRecord: 0.0ms | Allocations: 77092)


Started GET "/" for 127.0.0.1 at 2023-11-15 00:41:30 +0100
Processing by HomeController#index as HTML
  Rendering layout layouts/application.html.erb
  Rendering home/index.html.erb within layouts/application
  Rendered home/index.html.erb within layouts/application (Duration: 1.1ms | Allocations: 87)
  Rendered layout layouts/application.html.erb (Duration: 87.6ms | Allocations: 6006)
Completed 500 Internal Server Error in 98ms (ActiveRecord: 0.0ms | Allocations: 6698)


  
ActionView::Template::Error (undefined local variable or method `home' for #<ActionView::Base:0x00000000010c20>):
    10:   </head>
    11: 
    12:   <body>
    13:     <%= render home/header%>
    14:     <%= yield %>
    15:   </body>
    16: </html>
  
app/views/layouts/application.html.erb:13
Started GET "/" for 127.0.0.1 at 2023-11-15 00:41:43 +0100
Processing by HomeController#index as HTML
  Rendering layout layouts/application.html.erb
  Rendering home/index.html.erb within layouts/application
  Rendered home/index.html.erb within layouts/application (Duration: 0.4ms | Allocations: 85)
  Rendered layout layouts/application.html.erb (Duration: 4.4ms | Allocations: 2362)
Completed 500 Internal Server Error in 7ms (ActiveRecord: 0.0ms | Allocations: 3036)


  
ActionView::Template::Error (undefined local variable or method `header' for #<ActionView::Base:0x00000000014140>):
    10:   </head>
    11: 
    12:   <body>
    13:     <%= render header%>
    14:     <%= yield %>
    15:   </body>
    16: </html>
  
app/views/layouts/application.html.erb:13
Started GET "/" for 127.0.0.1 at 2023-11-15 00:41:56 +0100
Processing by HomeController#index as HTML
  Rendering layout layouts/application.html.erb
  Rendering home/index.html.erb within layouts/application
  Rendered home/index.html.erb within layouts/application (Duration: 0.5ms | Allocations: 83)
  Rendered home/_header.erb (Duration: 0.9ms | Allocations: 211)
  Rendered layout layouts/application.html.erb (Duration: 6.4ms | Allocations: 1778)
Completed 200 OK in 9ms (Views: 8.6ms | ActiveRecord: 0.0ms | Allocations: 2470)


Started GET "/" for 127.0.0.1 at 2023-11-15 00:42:34 +0100
Processing by HomeController#index as HTML
  Rendering layout layouts/application.html.erb
  Rendering home/index.html.erb within layouts/application
  Rendered home/index.html.erb within layouts/application (Duration: 0.5ms | Allocations: 87)
  Rendered home/_header.erb (Duration: 0.8ms | Allocations: 163)
  Rendered layout layouts/application.html.erb (Duration: 6.9ms | Allocations: 1722)
Completed 200 OK in 10ms (Views: 9.1ms | ActiveRecord: 0.0ms | Allocations: 2414)


Started GET "/" for 127.0.0.1 at 2023-11-15 00:43:01 +0100
Processing by HomeController#index as HTML
  Rendering layout layouts/application.html.erb
  Rendering home/index.html.erb within layouts/application
  Rendered home/index.html.erb within layouts/application (Duration: 0.8ms | Allocations: 83)
  Rendered home/_header.erb (Duration: 0.9ms | Allocations: 163)
  Rendered layout layouts/application.html.erb (Duration: 6.1ms | Allocations: 1713)
Completed 200 OK in 8ms (Views: 8.0ms | ActiveRecord: 0.0ms | Allocations: 2404)


Started GET "/" for 127.0.0.1 at 2023-11-15 00:43:36 +0100
Processing by HomeController#index as HTML
  Rendering layout layouts/application.html.erb
  Rendering home/index.html.erb within layouts/application
  Rendered home/index.html.erb within layouts/application (Duration: 0.4ms | Allocations: 87)
  Rendered home/_header.erb (Duration: 0.7ms | Allocations: 202)
  Rendered layout layouts/application.html.erb (Duration: 4.8ms | Allocations: 1794)
Completed 200 OK in 8ms (Views: 7.9ms | ActiveRecord: 0.0ms | Allocations: 2487)


Started GET "/home/about" for 127.0.0.1 at 2023-11-15 00:43:39 +0100
Processing by HomeController#about as HTML
  Rendering layout layouts/application.html.erb
  Rendering home/about.html.erb within layouts/application
  Rendered home/about.html.erb within layouts/application (Duration: 0.5ms | Allocations: 80)
  Rendered home/_header.erb (Duration: 0.2ms | Allocations: 52)
  Rendered layout layouts/application.html.erb (Duration: 4.5ms | Allocations: 1283)
Completed 200 OK in 7ms (Views: 6.4ms | ActiveRecord: 0.0ms | Allocations: 1514)


Started GET "/" for 127.0.0.1 at 2023-11-15 00:43:41 +0100
Processing by HomeController#index as HTML
  Rendering layout layouts/application.html.erb
  Rendering home/index.html.erb within layouts/application
  Rendered home/index.html.erb within layouts/application (Duration: 0.1ms | Allocations: 6)
  Rendered home/_header.erb (Duration: 0.3ms | Allocations: 52)
  Rendered layout layouts/application.html.erb (Duration: 5.5ms | Allocations: 1201)
Completed 200 OK in 7ms (Views: 7.1ms | ActiveRecord: 0.0ms | Allocations: 1431)


Started GET "/home/about" for 127.0.0.1 at 2023-11-15 00:43:42 +0100
Processing by HomeController#about as HTML
  Rendering layout layouts/application.html.erb
  Rendering home/about.html.erb within layouts/application
  Rendered home/about.html.erb within layouts/application (Duration: 0.2ms | Allocations: 6)
  Rendered home/_header.erb (Duration: 0.2ms | Allocations: 52)
  Rendered layout layouts/application.html.erb (Duration: 6.5ms | Allocations: 1210)
Completed 200 OK in 9ms (Views: 8.5ms | ActiveRecord: 0.0ms | Allocations: 1440)


Started GET "/" for 127.0.0.1 at 2023-11-15 00:43:43 +0100
Processing by HomeController#index as HTML
  Rendering layout layouts/application.html.erb
  Rendering home/index.html.erb within layouts/application
  Rendered home/index.html.erb within layouts/application (Duration: 0.1ms | Allocations: 6)
  Rendered home/_header.erb (Duration: 0.6ms | Allocations: 52)
  Rendered layout layouts/application.html.erb (Duration: 6.3ms | Allocations: 1201)
Completed 200 OK in 8ms (Views: 7.7ms | ActiveRecord: 0.0ms | Allocations: 1431)


Started GET "/" for 127.0.0.1 at 2023-11-15 00:44:46 +0100
Processing by HomeController#index as HTML
  Rendering layout layouts/application.html.erb
  Rendering home/index.html.erb within layouts/application
  Rendered home/index.html.erb within layouts/application (Duration: 0.4ms | Allocations: 85)
  Rendered home/_header.erb (Duration: 0.8ms | Allocations: 238)
  Rendered layout layouts/application.html.erb (Duration: 6.0ms | Allocations: 1801)
Completed 200 OK in 9ms (Views: 8.4ms | ActiveRecord: 0.0ms | Allocations: 2494)


Started GET "/home/contact" for 127.0.0.1 at 2023-11-15 00:44:47 +0100
Processing by HomeController#contact as HTML
  Rendering layout layouts/application.html.erb
  Rendering home/contact.html.erb within layouts/application
  Rendered home/contact.html.erb within layouts/application (Duration: 0.7ms | Allocations: 80)
  Rendered home/_header.erb (Duration: 0.3ms | Allocations: 68)
  Rendered layout layouts/application.html.erb (Duration: 4.8ms | Allocations: 1284)
Completed 200 OK in 6ms (Views: 5.5ms | ActiveRecord: 0.0ms | Allocations: 1514)


Started GET "/home/contact" for 127.0.0.1 at 2023-11-15 00:50:52 +0100
Processing by HomeController#contact as HTML
  Rendering layout layouts/application.html.erb
  Rendering home/contact.html.erb within layouts/application
  Rendered home/contact.html.erb within layouts/application (Duration: 0.1ms | Allocations: 6)
  Rendered home/_header.erb (Duration: 0.4ms | Allocations: 68)
  Rendered layout layouts/application.html.erb (Duration: 14.7ms | Allocations: 2548)
Completed 200 OK in 16ms (Views: 15.6ms | ActiveRecord: 0.0ms | Allocations: 2778)


Started GET "/home/contact" for 127.0.0.1 at 2023-11-15 00:51:45 +0100
Processing by HomeController#contact as HTML
  Rendering layout layouts/application.html.erb
  Rendering home/contact.html.erb within layouts/application
  Rendered home/contact.html.erb within layouts/application (Duration: 0.2ms | Allocations: 6)
  Rendered home/_header.erb (Duration: 1.5ms | Allocations: 68)
  Rendered layout layouts/application.html.erb (Duration: 13.4ms | Allocations: 2542)
Completed 200 OK in 19ms (Views: 17.9ms | ActiveRecord: 0.0ms | Allocations: 2772)


Started GET "/home/contact" for 127.0.0.1 at 2023-11-15 00:52:16 +0100
Processing by HomeController#contact as HTML
  Rendering layout layouts/application.html.erb
  Rendering home/contact.html.erb within layouts/application
  Rendered home/contact.html.erb within layouts/application (Duration: 0.3ms | Allocations: 6)
  Rendered home/_header.erb (Duration: 0.4ms | Allocations: 68)
  Rendered layout layouts/application.html.erb (Duration: 20.4ms | Allocations: 2550)
Completed 200 OK in 22ms (Views: 21.5ms | ActiveRecord: 0.0ms | Allocations: 2780)


Started GET "/home/contact" for 127.0.0.1 at 2023-11-15 00:52:27 +0100
Processing by HomeController#contact as HTML
  Rendering layout layouts/application.html.erb
  Rendering home/contact.html.erb within layouts/application
  Rendered home/contact.html.erb within layouts/application (Duration: 0.1ms | Allocations: 6)
  Rendered home/_header.erb (Duration: 0.6ms | Allocations: 68)
  Rendered layout layouts/application.html.erb (Duration: 11.6ms | Allocations: 2549)
Completed 200 OK in 13ms (Views: 12.9ms | ActiveRecord: 0.0ms | Allocations: 2779)


Started GET "/home/contact" for 127.0.0.1 at 2023-11-15 00:52:37 +0100
Processing by HomeController#contact as HTML
  Rendering layout layouts/application.html.erb
  Rendering home/contact.html.erb within layouts/application
  Rendered home/contact.html.erb within layouts/application (Duration: 0.1ms | Allocations: 6)
  Rendered home/_header.erb (Duration: 0.7ms | Allocations: 68)
  Rendered layout layouts/application.html.erb (Duration: 15.2ms | Allocations: 2572)
Completed 200 OK in 18ms (Views: 17.2ms | ActiveRecord: 0.0ms | Allocations: 2802)


Started GET "/home/contact" for 127.0.0.1 at 2023-11-15 00:53:18 +0100
Processing by HomeController#contact as HTML
  Rendering layout layouts/application.html.erb
  Rendering home/contact.html.erb within layouts/application
  Rendered home/contact.html.erb within layouts/application (Duration: 0.4ms | Allocations: 83)
  Rendered home/_header.erb (Duration: 0.8ms | Allocations: 261)
  Rendered layout layouts/application.html.erb (Duration: 5.2ms | Allocations: 1819)
Completed 200 OK in 8ms (Views: 7.4ms | ActiveRecord: 0.0ms | Allocations: 2511)


Started GET "/home/contact" for 127.0.0.1 at 2023-11-15 01:03:15 +0100
Processing by HomeController#contact as HTML
  Rendering layout layouts/application.html.erb
  Rendering home/contact.html.erb within layouts/application
  Rendered home/contact.html.erb within layouts/application (Duration: 0.2ms | Allocations: 6)
  Rendered home/_header.erb (Duration: 0.3ms | Allocations: 80)
  Rendered layout layouts/application.html.erb (Duration: 10.9ms | Allocations: 2583)
Completed 200 OK in 13ms (Views: 12.4ms | ActiveRecord: 0.0ms | Allocations: 2813)


Started GET "/home/contact" for 127.0.0.1 at 2023-11-15 01:03:32 +0100
Processing by HomeController#contact as HTML
  Rendering layout layouts/application.html.erb
  Rendering home/contact.html.erb within layouts/application
  Rendered home/contact.html.erb within layouts/application (Duration: 0.1ms | Allocations: 6)
  Rendered home/_header.erb (Duration: 0.6ms | Allocations: 80)
  Rendered layout layouts/application.html.erb (Duration: 13.2ms | Allocations: 2586)
Completed 200 OK in 15ms (Views: 14.3ms | ActiveRecord: 0.0ms | Allocations: 2816)


Started GET "/home/contact" for 127.0.0.1 at 2023-11-15 01:03:42 +0100
Processing by HomeController#contact as HTML
  Rendering layout layouts/application.html.erb
  Rendering home/contact.html.erb within layouts/application
  Rendered home/contact.html.erb within layouts/application (Duration: 0.1ms | Allocations: 6)
  Rendered home/_header.erb (Duration: 0.4ms | Allocations: 80)
  Rendered layout layouts/application.html.erb (Duration: 24.5ms | Allocations: 2587)
Completed 200 OK in 26ms (Views: 25.7ms | ActiveRecord: 0.0ms | Allocations: 2817)


Started GET "/home/contact" for 127.0.0.1 at 2023-11-15 01:03:43 +0100
Processing by HomeController#contact as HTML
  Rendering layout layouts/application.html.erb
  Rendering home/contact.html.erb within layouts/application
  Rendered home/contact.html.erb within layouts/application (Duration: 0.1ms | Allocations: 6)
  Rendered home/_header.erb (Duration: 1.6ms | Allocations: 80)
  Rendered layout layouts/application.html.erb (Duration: 10.7ms | Allocations: 1226)
Completed 200 OK in 13ms (Views: 12.1ms | ActiveRecord: 0.0ms | Allocations: 1457)


Started GET "/home/contact" for 127.0.0.1 at 2023-11-15 01:03:52 +0100
Processing by HomeController#contact as HTML
  Rendering layout layouts/application.html.erb
  Rendering home/contact.html.erb within layouts/application
  Rendered home/contact.html.erb within layouts/application (Duration: 0.1ms | Allocations: 6)
  Rendered home/_header.erb (Duration: 0.4ms | Allocations: 80)
  Rendered layout layouts/application.html.erb (Duration: 13.7ms | Allocations: 2572)
Completed 200 OK in 15ms (Views: 14.7ms | ActiveRecord: 0.0ms | Allocations: 2802)


Started GET "/home/contact" for 127.0.0.1 at 2023-11-15 01:03:52 +0100
Processing by HomeController#contact as HTML
  Rendering layout layouts/application.html.erb
  Rendering home/contact.html.erb within layouts/application
  Rendered home/contact.html.erb within layouts/application (Duration: 0.1ms | Allocations: 6)
  Rendered home/_header.erb (Duration: 0.5ms | Allocations: 80)
  Rendered layout layouts/application.html.erb (Duration: 5.4ms | Allocations: 1244)
Completed 200 OK in 7ms (Views: 6.3ms | ActiveRecord: 0.0ms | Allocations: 1474)


Started GET "/home/contact" for 127.0.0.1 at 2023-11-15 01:03:53 +0100
Processing by HomeController#contact as HTML
  Rendering layout layouts/application.html.erb
  Rendering home/contact.html.erb within layouts/application
  Rendered home/contact.html.erb within layouts/application (Duration: 0.2ms | Allocations: 6)
  Rendered home/_header.erb (Duration: 0.3ms | Allocations: 80)
  Rendered layout layouts/application.html.erb (Duration: 5.0ms | Allocations: 1232)
Completed 200 OK in 8ms (Views: 7.1ms | ActiveRecord: 0.0ms | Allocations: 1462)


Started GET "/home/contact" for 127.0.0.1 at 2023-11-15 01:04:04 +0100
Processing by HomeController#contact as HTML
  Rendering layout layouts/application.html.erb
  Rendering home/contact.html.erb within layouts/application
  Rendered home/contact.html.erb within layouts/application (Duration: 0.1ms | Allocations: 6)
  Rendered home/_header.erb (Duration: 0.5ms | Allocations: 80)
  Rendered layout layouts/application.html.erb (Duration: 6.0ms | Allocations: 1289)
Completed 200 OK in 7ms (Views: 6.8ms | ActiveRecord: 0.0ms | Allocations: 1519)


Started GET "/home/contact" for 127.0.0.1 at 2023-11-15 01:04:49 +0100
Processing by HomeController#contact as HTML
  Rendering layout layouts/application.html.erb
  Rendering home/contact.html.erb within layouts/application
  Rendered home/contact.html.erb within layouts/application (Duration: 0.4ms | Allocations: 87)
  Rendered home/_header.erb (Duration: 0.9ms | Allocations: 262)
  Rendered layout layouts/application.html.erb (Duration: 5.7ms | Allocations: 1810)
Completed 200 OK in 9ms (Views: 8.3ms | ActiveRecord: 0.0ms | Allocations: 2503)


Started GET "/" for 127.0.0.1 at 2023-11-15 01:04:50 +0100
Processing by HomeController#index as HTML
  Rendering layout layouts/application.html.erb
  Rendering home/index.html.erb within layouts/application
  Rendered home/index.html.erb within layouts/application (Duration: 0.8ms | Allocations: 79)
  Rendered home/_header.erb (Duration: 0.5ms | Allocations: 80)
  Rendered layout layouts/application.html.erb (Duration: 6.2ms | Allocations: 1316)
Completed 200 OK in 8ms (Views: 7.1ms | ActiveRecord: 0.0ms | Allocations: 1546)


Started GET "/home/about" for 127.0.0.1 at 2023-11-15 01:04:51 +0100
Processing by HomeController#about as HTML
  Rendering layout layouts/application.html.erb
  Rendering home/about.html.erb within layouts/application
  Rendered home/about.html.erb within layouts/application (Duration: 0.4ms | Allocations: 79)
  Rendered home/_header.erb (Duration: 0.3ms | Allocations: 80)
  Rendered layout layouts/application.html.erb (Duration: 3.5ms | Allocations: 1304)
Completed 200 OK in 4ms (Views: 4.2ms | ActiveRecord: 0.0ms | Allocations: 1534)


Started GET "/home/about" for 127.0.0.1 at 2023-11-15 01:04:52 +0100
Processing by HomeController#about as HTML
  Rendering layout layouts/application.html.erb
  Rendering home/about.html.erb within layouts/application
  Rendered home/about.html.erb within layouts/application (Duration: 0.2ms | Allocations: 6)
  Rendered home/_header.erb (Duration: 0.3ms | Allocations: 80)
  Rendered layout layouts/application.html.erb (Duration: 6.2ms | Allocations: 1229)
Completed 200 OK in 9ms (Views: 8.3ms | ActiveRecord: 0.0ms | Allocations: 1459)


Started GET "/home/contact" for 127.0.0.1 at 2023-11-15 01:04:52 +0100
Processing by HomeController#contact as HTML
  Rendering layout layouts/application.html.erb
  Rendering home/contact.html.erb within layouts/application
  Rendered home/contact.html.erb within layouts/application (Duration: 0.1ms | Allocations: 6)
  Rendered home/_header.erb (Duration: 0.9ms | Allocations: 80)
  Rendered layout layouts/application.html.erb (Duration: 8.6ms | Allocations: 1229)
Completed 200 OK in 10ms (Views: 9.5ms | ActiveRecord: 0.0ms | Allocations: 1459)


Started GET "/" for 127.0.0.1 at 2023-11-15 01:04:53 +0100
Processing by HomeController#index as HTML
  Rendering layout layouts/application.html.erb
  Rendering home/index.html.erb within layouts/application
  Rendered home/index.html.erb within layouts/application (Duration: 0.1ms | Allocations: 6)
  Rendered home/_header.erb (Duration: 0.5ms | Allocations: 80)
  Rendered layout layouts/application.html.erb (Duration: 5.2ms | Allocations: 1247)
Completed 200 OK in 7ms (Views: 6.4ms | ActiveRecord: 0.0ms | Allocations: 1477)


Started GET "/" for 127.0.0.1 at 2023-11-15 01:06:14 +0100
Processing by HomeController#index as HTML
  Rendering layout layouts/application.html.erb
  Rendering home/index.html.erb within layouts/application
  Rendered home/index.html.erb within layouts/application (Duration: 0.1ms | Allocations: 6)
  Rendered home/_header.erb (Duration: 0.3ms | Allocations: 80)
  Rendered layout layouts/application.html.erb (Duration: 4.1ms | Allocations: 1244)
Completed 200 OK in 6ms (Views: 5.5ms | ActiveRecord: 0.0ms | Allocations: 1474)


Started GET "/home/about" for 127.0.0.1 at 2023-11-15 01:06:15 +0100
Processing by HomeController#about as HTML
  Rendering layout layouts/application.html.erb
  Rendering home/about.html.erb within layouts/application
  Rendered home/about.html.erb within layouts/application (Duration: 0.1ms | Allocations: 6)
  Rendered home/_header.erb (Duration: 0.3ms | Allocations: 80)
  Rendered layout layouts/application.html.erb (Duration: 6.0ms | Allocations: 1232)
Completed 200 OK in 7ms (Views: 6.7ms | ActiveRecord: 0.0ms | Allocations: 1462)


Started GET "/" for 127.0.0.1 at 2023-11-15 01:06:16 +0100
Processing by HomeController#index as HTML
  Rendering layout layouts/application.html.erb
  Rendering home/index.html.erb within layouts/application
  Rendered home/index.html.erb within layouts/application (Duration: 0.1ms | Allocations: 6)
  Rendered home/_header.erb (Duration: 0.3ms | Allocations: 80)
  Rendered layout layouts/application.html.erb (Duration: 4.0ms | Allocations: 1217)
Completed 200 OK in 5ms (Views: 5.0ms | ActiveRecord: 0.0ms | Allocations: 1447)


Started GET "/" for 127.0.0.1 at 2023-11-15 01:09:50 +0100
Processing by HomeController#index as HTML
  Rendering layout layouts/application.html.erb
  Rendering home/index.html.erb within layouts/application
  Rendered home/index.html.erb within layouts/application (Duration: 0.8ms | Allocations: 102)
  Rendered home/_header.erb (Duration: 0.9ms | Allocations: 260)
  Rendered layout layouts/application.html.erb (Duration: 6.0ms | Allocations: 1852)
Completed 200 OK in 10ms (Views: 9.1ms | ActiveRecord: 0.0ms | Allocations: 2544)


Started GET "/" for 127.0.0.1 at 2023-11-15 01:10:17 +0100
Processing by HomeController#index as HTML
  Rendering layout layouts/application.html.erb
  Rendering home/index.html.erb within layouts/application
  Rendered home/index.html.erb within layouts/application (Duration: 0.0ms | Allocations: 7)
  Rendered home/_header.erb (Duration: 0.3ms | Allocations: 80)
  Rendered layout layouts/application.html.erb (Duration: 3.0ms | Allocations: 1221)
Completed 200 OK in 4ms (Views: 3.6ms | ActiveRecord: 0.0ms | Allocations: 1451)


Started GET "/" for 127.0.0.1 at 2023-11-15 01:11:03 +0100
Processing by HomeController#index as HTML
  Rendering layout layouts/application.html.erb
  Rendering home/index.html.erb within layouts/application
  Rendered home/index.html.erb within layouts/application (Duration: 0.1ms | Allocations: 7)
  Rendered home/_header.erb (Duration: 1.0ms | Allocations: 80)
  Rendered layout layouts/application.html.erb (Duration: 10.9ms | Allocations: 2612)
Completed 200 OK in 12ms (Views: 12.0ms | ActiveRecord: 0.0ms | Allocations: 2842)


Started GET "/" for 127.0.0.1 at 2023-11-15 01:11:26 +0100
Processing by HomeController#index as HTML
  Rendering layout layouts/application.html.erb
  Rendering home/index.html.erb within layouts/application
  Rendered home/index.html.erb within layouts/application (Duration: 0.1ms | Allocations: 7)
  Rendered home/_header.erb (Duration: 0.3ms | Allocations: 80)
  Rendered layout layouts/application.html.erb (Duration: 11.1ms | Allocations: 2572)
Completed 200 OK in 12ms (Views: 12.0ms | ActiveRecord: 0.0ms | Allocations: 2802)


Started GET "/" for 127.0.0.1 at 2023-11-15 01:11:48 +0100
Processing by HomeController#index as HTML
  Rendering layout layouts/application.html.erb
  Rendering home/index.html.erb within layouts/application
  Rendered home/index.html.erb within layouts/application (Duration: 0.1ms | Allocations: 7)
  Rendered home/_header.erb (Duration: 0.3ms | Allocations: 80)
  Rendered layout layouts/application.html.erb (Duration: 10.7ms | Allocations: 2574)
Completed 200 OK in 13ms (Views: 12.3ms | ActiveRecord: 0.0ms | Allocations: 2804)


Started GET "/" for 127.0.0.1 at 2023-11-15 01:12:16 +0100
Processing by HomeController#index as HTML
  Rendering layout layouts/application.html.erb
  Rendering home/index.html.erb within layouts/application
  Rendered home/index.html.erb within layouts/application (Duration: 0.1ms | Allocations: 7)
  Rendered home/_header.erb (Duration: 0.4ms | Allocations: 80)
  Rendered layout layouts/application.html.erb (Duration: 12.6ms | Allocations: 2591)
Completed 200 OK in 14ms (Views: 13.5ms | ActiveRecord: 0.0ms | Allocations: 2821)


Started GET "/" for 127.0.0.1 at 2023-11-15 01:12:46 +0100
Processing by HomeController#index as HTML
  Rendering layout layouts/application.html.erb
  Rendering home/index.html.erb within layouts/application
  Rendered home/index.html.erb within layouts/application (Duration: 0.2ms | Allocations: 7)
  Rendered home/_header.erb (Duration: 0.6ms | Allocations: 80)
  Rendered layout layouts/application.html.erb (Duration: 16.1ms | Allocations: 2580)
Completed 200 OK in 20ms (Views: 18.9ms | ActiveRecord: 0.0ms | Allocations: 2810)


Started GET "/" for 127.0.0.1 at 2023-11-15 01:13:08 +0100
Processing by HomeController#index as HTML
  Rendering layout layouts/application.html.erb
  Rendering home/index.html.erb within layouts/application
  Rendered home/index.html.erb within layouts/application (Duration: 0.1ms | Allocations: 7)
  Rendered home/_header.erb (Duration: 0.3ms | Allocations: 80)
  Rendered layout layouts/application.html.erb (Duration: 16.2ms | Allocations: 2589)
Completed 200 OK in 18ms (Views: 17.7ms | ActiveRecord: 0.0ms | Allocations: 2819)


Started GET "/" for 127.0.0.1 at 2023-11-15 01:13:52 +0100
Processing by HomeController#index as HTML
  Rendering layout layouts/application.html.erb
  Rendering home/index.html.erb within layouts/application
  Rendered home/index.html.erb within layouts/application (Duration: 0.1ms | Allocations: 7)
  Rendered home/_header.erb (Duration: 1.9ms | Allocations: 80)
  Rendered layout layouts/application.html.erb (Duration: 8.4ms | Allocations: 1236)
Completed 200 OK in 10ms (Views: 9.5ms | ActiveRecord: 0.0ms | Allocations: 1466)


Started GET "/home/about" for 127.0.0.1 at 2023-11-15 01:14:06 +0100
Processing by HomeController#about as HTML
  Rendering layout layouts/application.html.erb
  Rendering home/about.html.erb within layouts/application
  Rendered home/about.html.erb within layouts/application (Duration: 0.5ms | Allocations: 79)
  Rendered home/_header.erb (Duration: 0.3ms | Allocations: 80)
  Rendered layout layouts/application.html.erb (Duration: 4.1ms | Allocations: 1319)
Completed 200 OK in 5ms (Views: 4.8ms | ActiveRecord: 0.0ms | Allocations: 1549)


Started GET "/home/about" for 127.0.0.1 at 2023-11-15 01:14:07 +0100
Processing by HomeController#about as HTML
  Rendering layout layouts/application.html.erb
  Rendering home/about.html.erb within layouts/application
  Rendered home/about.html.erb within layouts/application (Duration: 0.0ms | Allocations: 6)
  Rendered home/_header.erb (Duration: 0.3ms | Allocations: 80)
  Rendered layout layouts/application.html.erb (Duration: 4.2ms | Allocations: 1241)
Completed 200 OK in 5ms (Views: 5.1ms | ActiveRecord: 0.0ms | Allocations: 1471)


Started GET "/home/contact" for 127.0.0.1 at 2023-11-15 01:14:07 +0100
Processing by HomeController#contact as HTML
  Rendering layout layouts/application.html.erb
  Rendering home/contact.html.erb within layouts/application
  Rendered home/contact.html.erb within layouts/application (Duration: 0.5ms | Allocations: 79)
  Rendered home/_header.erb (Duration: 0.3ms | Allocations: 80)
  Rendered layout layouts/application.html.erb (Duration: 7.5ms | Allocations: 1307)
Completed 200 OK in 8ms (Views: 8.2ms | ActiveRecord: 0.0ms | Allocations: 1537)


Started GET "/home/about" for 127.0.0.1 at 2023-11-15 01:14:08 +0100
Processing by HomeController#about as HTML
  Rendering layout layouts/application.html.erb
  Rendering home/about.html.erb within layouts/application
  Rendered home/about.html.erb within layouts/application (Duration: 0.1ms | Allocations: 6)
  Rendered home/_header.erb (Duration: 0.6ms | Allocations: 80)
  Rendered layout layouts/application.html.erb (Duration: 6.0ms | Allocations: 1232)
Completed 200 OK in 10ms (Views: 8.1ms | ActiveRecord: 0.0ms | Allocations: 1463)


Started GET "/" for 127.0.0.1 at 2023-11-15 01:14:09 +0100
Processing by HomeController#index as HTML
  Rendering layout layouts/application.html.erb
  Rendering home/index.html.erb within layouts/application
  Rendered home/index.html.erb within layouts/application (Duration: 0.1ms | Allocations: 7)
  Rendered home/_header.erb (Duration: 0.3ms | Allocations: 80)
  Rendered layout layouts/application.html.erb (Duration: 3.7ms | Allocations: 1230)
Completed 200 OK in 6ms (Views: 4.9ms | ActiveRecord: 0.0ms | Allocations: 1460)


Started GET "/home/about" for 127.0.0.1 at 2023-11-15 01:17:39 +0100
Processing by HomeController#about as HTML
  Rendering layout layouts/application.html.erb
  Rendering home/about.html.erb within layouts/application
  Rendered home/about.html.erb within layouts/application (Duration: 0.4ms | Allocations: 87)
  Rendered home/_header.erb (Duration: 0.9ms | Allocations: 303)
  Rendered layout layouts/application.html.erb (Duration: 5.2ms | Allocations: 1760)
Completed 200 OK in 8ms (Views: 7.2ms | ActiveRecord: 0.0ms | Allocations: 2452)


Started GET "/" for 127.0.0.1 at 2023-11-15 01:18:10 +0100
Processing by HomeController#index as HTML
  Rendering layout layouts/application.html.erb
  Rendering home/index.html.erb within layouts/application
  Rendered home/index.html.erb within layouts/application (Duration: 0.8ms | Allocations: 91)
  Rendered home/_header.erb (Duration: 0.4ms | Allocations: 98)
  Rendered layout layouts/application.html.erb (Duration: 12.1ms | Allocations: 2703)
Completed 200 OK in 13ms (Views: 13.0ms | ActiveRecord: 0.0ms | Allocations: 2933)


Started GET "/" for 127.0.0.1 at 2023-11-15 01:18:27 +0100
Processing by HomeController#index as HTML
  Rendering layout layouts/application.html.erb
  Rendering home/index.html.erb within layouts/application
  Rendered home/index.html.erb within layouts/application (Duration: 0.1ms | Allocations: 7)
  Rendered home/_header.erb (Duration: 0.7ms | Allocations: 98)
  Rendered layout layouts/application.html.erb (Duration: 15.9ms | Allocations: 2628)
Completed 200 OK in 18ms (Views: 17.1ms | ActiveRecord: 0.0ms | Allocations: 2858)


Started GET "/" for 127.0.0.1 at 2023-11-15 01:18:39 +0100
Processing by HomeController#index as HTML
  Rendering layout layouts/application.html.erb
  Rendering home/index.html.erb within layouts/application
  Rendered home/index.html.erb within layouts/application (Duration: 0.1ms | Allocations: 7)
  Rendered home/_header.erb (Duration: 1.0ms | Allocations: 98)
  Rendered layout layouts/application.html.erb (Duration: 17.7ms | Allocations: 2628)
Completed 200 OK in 20ms (Views: 19.2ms | ActiveRecord: 0.0ms | Allocations: 2858)


Started GET "/" for 127.0.0.1 at 2023-11-15 01:19:06 +0100
Processing by HomeController#index as HTML
  Rendering layout layouts/application.html.erb
  Rendering home/index.html.erb within layouts/application
  Rendered home/index.html.erb within layouts/application (Duration: 0.1ms | Allocations: 7)
  Rendered home/_header.erb (Duration: 0.5ms | Allocations: 98)
  Rendered layout layouts/application.html.erb (Duration: 10.7ms | Allocations: 2630)
Completed 200 OK in 13ms (Views: 11.9ms | ActiveRecord: 0.0ms | Allocations: 2860)


Started GET "/" for 127.0.0.1 at 2023-11-15 01:19:18 +0100
Processing by HomeController#index as HTML
  Rendering layout layouts/application.html.erb
  Rendering home/index.html.erb within layouts/application
  Rendered home/index.html.erb within layouts/application (Duration: 0.1ms | Allocations: 7)
  Rendered home/_header.erb (Duration: 0.3ms | Allocations: 98)
  Rendered layout layouts/application.html.erb (Duration: 9.1ms | Allocations: 2619)
Completed 200 OK in 10ms (Views: 9.9ms | ActiveRecord: 0.0ms | Allocations: 2849)


Started GET "/" for 127.0.0.1 at 2023-11-15 01:19:26 +0100
Processing by HomeController#index as HTML
  Rendering layout layouts/application.html.erb
  Rendering home/index.html.erb within layouts/application
  Rendered home/index.html.erb within layouts/application (Duration: 0.1ms | Allocations: 7)
  Rendered home/_header.erb (Duration: 0.9ms | Allocations: 98)
  Rendered layout layouts/application.html.erb (Duration: 18.1ms | Allocations: 2628)
Completed 200 OK in 20ms (Views: 19.1ms | ActiveRecord: 0.0ms | Allocations: 2858)


Started GET "/" for 127.0.0.1 at 2023-11-15 01:19:38 +0100
Processing by HomeController#index as HTML
  Rendering layout layouts/application.html.erb
  Rendering home/index.html.erb within layouts/application
  Rendered home/index.html.erb within layouts/application (Duration: 0.1ms | Allocations: 7)
  Rendered home/_header.erb (Duration: 1.9ms | Allocations: 98)
  Rendered layout layouts/application.html.erb (Duration: 18.3ms | Allocations: 2616)
Completed 200 OK in 20ms (Views: 19.4ms | ActiveRecord: 0.0ms | Allocations: 2846)


Started GET "/" for 127.0.0.1 at 2023-11-15 01:20:04 +0100
Processing by HomeController#index as HTML
  Rendering layout layouts/application.html.erb
  Rendering home/index.html.erb within layouts/application
  Rendered home/index.html.erb within layouts/application (Duration: 0.1ms | Allocations: 7)
  Rendered home/_header.erb (Duration: 0.3ms | Allocations: 98)
  Rendered layout layouts/application.html.erb (Duration: 9.1ms | Allocations: 2644)
Completed 200 OK in 11ms (Views: 10.2ms | ActiveRecord: 0.0ms | Allocations: 2874)


Started GET "/" for 127.0.0.1 at 2023-11-15 01:20:05 +0100
Processing by HomeController#index as HTML
  Rendering layout layouts/application.html.erb
  Rendering home/index.html.erb within layouts/application
  Rendered home/index.html.erb within layouts/application (Duration: 0.1ms | Allocations: 7)
  Rendered home/_header.erb (Duration: 0.7ms | Allocations: 98)
  Rendered layout layouts/application.html.erb (Duration: 6.6ms | Allocations: 1251)
Completed 200 OK in 9ms (Views: 8.2ms | ActiveRecord: 0.0ms | Allocations: 1481)


Started GET "/" for 127.0.0.1 at 2023-11-15 01:20:05 +0100
Processing by HomeController#index as HTML
  Rendering layout layouts/application.html.erb
  Rendering home/index.html.erb within layouts/application
  Rendered home/index.html.erb within layouts/application (Duration: 0.1ms | Allocations: 7)
  Rendered home/_header.erb (Duration: 0.7ms | Allocations: 98)
  Rendered layout layouts/application.html.erb (Duration: 7.0ms | Allocations: 1272)
Completed 200 OK in 9ms (Views: 8.2ms | ActiveRecord: 0.0ms | Allocations: 1502)


Started GET "/" for 127.0.0.1 at 2023-11-15 01:20:59 +0100
Processing by HomeController#index as HTML
  Rendering layout layouts/application.html.erb
  Rendering home/index.html.erb within layouts/application
  Rendered home/index.html.erb within layouts/application (Duration: 0.1ms | Allocations: 7)
  Rendered home/_header.erb (Duration: 0.3ms | Allocations: 98)
  Rendered layout layouts/application.html.erb (Duration: 9.2ms | Allocations: 2637)
Completed 200 OK in 12ms (Views: 10.5ms | ActiveRecord: 0.0ms | Allocations: 2867)


Started GET "/" for 127.0.0.1 at 2023-11-15 01:21:13 +0100
Processing by HomeController#index as HTML
  Rendering layout layouts/application.html.erb
  Rendering home/index.html.erb within layouts/application
  Rendered home/index.html.erb within layouts/application (Duration: 0.1ms | Allocations: 7)
  Rendered home/_header.erb (Duration: 0.5ms | Allocations: 98)
  Rendered layout layouts/application.html.erb (Duration: 18.4ms | Allocations: 2622)
Completed 200 OK in 21ms (Views: 20.0ms | ActiveRecord: 0.0ms | Allocations: 2852)


Started GET "/" for 127.0.0.1 at 2023-11-15 01:21:21 +0100
Processing by HomeController#index as HTML
  Rendering layout layouts/application.html.erb
  Rendering home/index.html.erb within layouts/application
  Rendered home/index.html.erb within layouts/application (Duration: 0.0ms | Allocations: 7)
  Rendered home/_header.erb (Duration: 0.7ms | Allocations: 98)
  Rendered layout layouts/application.html.erb (Duration: 9.2ms | Allocations: 2631)
Completed 200 OK in 10ms (Views: 9.9ms | ActiveRecord: 0.0ms | Allocations: 2861)


Started GET "/" for 127.0.0.1 at 2023-11-15 01:21:31 +0100
Processing by HomeController#index as HTML
  Rendering layout layouts/application.html.erb
  Rendering home/index.html.erb within layouts/application
  Rendered home/index.html.erb within layouts/application (Duration: 0.2ms | Allocations: 7)
  Rendered home/_header.erb (Duration: 1.3ms | Allocations: 98)
  Rendered layout layouts/application.html.erb (Duration: 11.3ms | Allocations: 1299)
Completed 200 OK in 14ms (Views: 13.3ms | ActiveRecord: 0.0ms | Allocations: 1529)


Started GET "/" for 127.0.0.1 at 2023-11-15 01:21:49 +0100
Processing by HomeController#index as HTML
  Rendering layout layouts/application.html.erb
  Rendering home/index.html.erb within layouts/application
  Rendered home/index.html.erb within layouts/application (Duration: 0.1ms | Allocations: 7)
  Rendered home/_header.erb (Duration: 0.6ms | Allocations: 98)
  Rendered layout layouts/application.html.erb (Duration: 15.5ms | Allocations: 2620)
Completed 200 OK in 17ms (Views: 17.1ms | ActiveRecord: 0.0ms | Allocations: 2850)


Started GET "/" for 127.0.0.1 at 2023-11-15 01:21:58 +0100
Processing by HomeController#index as HTML
  Rendering layout layouts/application.html.erb
  Rendering home/index.html.erb within layouts/application
  Rendered home/index.html.erb within layouts/application (Duration: 0.1ms | Allocations: 7)
  Rendered home/_header.erb (Duration: 1.9ms | Allocations: 98)
  Rendered layout layouts/application.html.erb (Duration: 18.1ms | Allocations: 2632)
Completed 200 OK in 20ms (Views: 19.1ms | ActiveRecord: 0.0ms | Allocations: 2862)


Started GET "/home/about" for 127.0.0.1 at 2023-11-15 01:22:05 +0100
Processing by HomeController#about as HTML
  Rendering layout layouts/application.html.erb
  Rendering home/about.html.erb within layouts/application
  Rendered home/about.html.erb within layouts/application (Duration: 0.1ms | Allocations: 6)
  Rendered home/_header.erb (Duration: 0.5ms | Allocations: 98)
  Rendered layout layouts/application.html.erb (Duration: 14.6ms | Allocations: 1253)
Completed 200 OK in 16ms (Views: 15.8ms | ActiveRecord: 0.0ms | Allocations: 1484)


Started GET "/" for 127.0.0.1 at 2023-11-15 01:22:06 +0100
Processing by HomeController#index as HTML
  Rendering layout layouts/application.html.erb
  Rendering home/index.html.erb within layouts/application
  Rendered home/index.html.erb within layouts/application (Duration: 0.1ms | Allocations: 7)
  Rendered home/_header.erb (Duration: 0.6ms | Allocations: 98)
  Rendered layout layouts/application.html.erb (Duration: 7.9ms | Allocations: 1257)
Completed 200 OK in 11ms (Views: 10.2ms | ActiveRecord: 0.0ms | Allocations: 1487)


Started GET "/home/contact" for 127.0.0.1 at 2023-11-15 01:22:07 +0100
Processing by HomeController#contact as HTML
  Rendering layout layouts/application.html.erb
  Rendering home/contact.html.erb within layouts/application
  Rendered home/contact.html.erb within layouts/application (Duration: 0.6ms | Allocations: 83)
  Rendered home/_header.erb (Duration: 0.5ms | Allocations: 98)
  Rendered layout layouts/application.html.erb (Duration: 5.8ms | Allocations: 1333)
Completed 200 OK in 7ms (Views: 6.7ms | ActiveRecord: 0.0ms | Allocations: 1563)


Started GET "/" for 127.0.0.1 at 2023-11-15 01:22:08 +0100
Processing by HomeController#index as HTML
  Rendering layout layouts/application.html.erb
  Rendering home/index.html.erb within layouts/application
  Rendered home/index.html.erb within layouts/application (Duration: 0.1ms | Allocations: 7)
  Rendered home/_header.erb (Duration: 0.6ms | Allocations: 98)
  Rendered layout layouts/application.html.erb (Duration: 7.4ms | Allocations: 1251)
Completed 200 OK in 9ms (Views: 8.2ms | ActiveRecord: 0.0ms | Allocations: 1481)


Started GET "/" for 127.0.0.1 at 2023-11-15 01:23:16 +0100
Processing by HomeController#index as HTML
  Rendering layout layouts/application.html.erb
  Rendering home/index.html.erb within layouts/application
  Rendered home/index.html.erb within layouts/application (Duration: 0.5ms | Allocations: 102)
  Rendered home/_header.erb (Duration: 1.0ms | Allocations: 301)
  Rendered layout layouts/application.html.erb (Duration: 5.4ms | Allocations: 1887)
Completed 200 OK in 8ms (Views: 7.7ms | ActiveRecord: 0.0ms | Allocations: 2579)


Started GET "/" for 127.0.0.1 at 2023-11-15 01:23:51 +0100
Processing by HomeController#index as HTML
  Rendering layout layouts/application.html.erb
  Rendering home/index.html.erb within layouts/application
  Rendered home/index.html.erb within layouts/application (Duration: 0.1ms | Allocations: 7)
  Rendered home/_header.erb (Duration: 1.1ms | Allocations: 98)
  Rendered layout layouts/application.html.erb (Duration: 19.6ms | Allocations: 2633)
Completed 200 OK in 23ms (Views: 22.0ms | ActiveRecord: 0.0ms | Allocations: 2863)


Started GET "/" for 127.0.0.1 at 2023-11-15 01:24:07 +0100
Processing by HomeController#index as HTML
  Rendering layout layouts/application.html.erb
  Rendering home/index.html.erb within layouts/application
  Rendered home/index.html.erb within layouts/application (Duration: 0.1ms | Allocations: 7)
  Rendered home/_header.erb (Duration: 0.6ms | Allocations: 98)
  Rendered layout layouts/application.html.erb (Duration: 21.6ms | Allocations: 2648)
Completed 200 OK in 23ms (Views: 22.7ms | ActiveRecord: 0.0ms | Allocations: 2879)


Started GET "/" for 127.0.0.1 at 2023-11-15 01:25:12 +0100
Processing by HomeController#index as HTML
  Rendering layout layouts/application.html.erb
  Rendering home/index.html.erb within layouts/application
  Rendered home/index.html.erb within layouts/application (Duration: 0.6ms | Allocations: 101)
  Rendered home/_header.erb (Duration: 1.0ms | Allocations: 301)
  Rendered layout layouts/application.html.erb (Duration: 5.7ms | Allocations: 1890)
Completed 200 OK in 8ms (Views: 7.6ms | ActiveRecord: 0.0ms | Allocations: 2583)


Started GET "/" for 127.0.0.1 at 2023-11-15 01:25:34 +0100
Processing by HomeController#index as HTML
  Rendering layout layouts/application.html.erb
  Rendering home/index.html.erb within layouts/application
  Rendered home/index.html.erb within layouts/application (Duration: 0.1ms | Allocations: 7)
  Rendered home/_header.erb (Duration: 0.5ms | Allocations: 98)
  Rendered layout layouts/application.html.erb (Duration: 8.1ms | Allocations: 1254)
Completed 200 OK in 10ms (Views: 9.6ms | ActiveRecord: 0.0ms | Allocations: 1484)


Started GET "/" for 127.0.0.1 at 2023-11-17 18:04:17 +0100
  [1m[36mActiveRecord::SchemaMigration Load (0.2ms)[0m  [1m[34mSELECT "schema_migrations"."version" FROM "schema_migrations" ORDER BY "schema_migrations"."version" ASC[0m
Processing by HomeController#index as HTML
  Rendering layout layouts/application.html.erb
  Rendering home/index.html.erb within layouts/application
  Rendered home/index.html.erb within layouts/application (Duration: 1.2ms | Allocations: 195)
  Rendered home/_header.erb (Duration: 1.2ms | Allocations: 387)
  Rendered layout layouts/application.html.erb (Duration: 252.4ms | Allocations: 25485)
Completed 200 OK in 264ms (Views: 260.0ms | ActiveRecord: 0.0ms | Allocations: 27905)


Started GET "/home/about" for 127.0.0.1 at 2023-11-17 18:04:28 +0100
Processing by HomeController#about as HTML
  Rendering layout layouts/application.html.erb
  Rendering home/about.html.erb within layouts/application
  Rendered home/about.html.erb within layouts/application (Duration: 1.4ms | Allocations: 82)
  Rendered home/_header.erb (Duration: 0.5ms | Allocations: 98)
  Rendered layout layouts/application.html.erb (Duration: 20.6ms | Allocations: 2387)
Completed 200 OK in 22ms (Views: 21.8ms | ActiveRecord: 0.0ms | Allocations: 2624)


Started GET "/" for 127.0.0.1 at 2023-11-17 18:04:29 +0100
Processing by HomeController#index as HTML
  Rendering layout layouts/application.html.erb
  Rendering home/index.html.erb within layouts/application
  Rendered home/index.html.erb within layouts/application (Duration: 0.1ms | Allocations: 7)
  Rendered home/_header.erb (Duration: 0.3ms | Allocations: 98)
  Rendered layout layouts/application.html.erb (Duration: 3.4ms | Allocations: 1245)
Completed 200 OK in 4ms (Views: 4.1ms | ActiveRecord: 0.0ms | Allocations: 1481)


Started GET "/home/contact" for 127.0.0.1 at 2023-11-17 18:04:30 +0100
Processing by HomeController#contact as HTML
  Rendering layout layouts/application.html.erb
  Rendering home/contact.html.erb within layouts/application
  Rendered home/contact.html.erb within layouts/application (Duration: 0.5ms | Allocations: 80)
  Rendered home/_header.erb (Duration: 0.4ms | Allocations: 98)
  Rendered layout layouts/application.html.erb (Duration: 4.6ms | Allocations: 1344)
Completed 200 OK in 6ms (Views: 5.6ms | ActiveRecord: 0.0ms | Allocations: 1580)


Started GET "/" for 127.0.0.1 at 2023-11-17 18:04:31 +0100
Processing by HomeController#index as HTML
  Rendering layout layouts/application.html.erb
  Rendering home/index.html.erb within layouts/application
  Rendered home/index.html.erb within layouts/application (Duration: 0.1ms | Allocations: 7)
  Rendered home/_header.erb (Duration: 0.6ms | Allocations: 98)
  Rendered layout layouts/application.html.erb (Duration: 10.2ms | Allocations: 1251)
Completed 200 OK in 12ms (Views: 11.8ms | ActiveRecord: 0.0ms | Allocations: 1487)


Started GET "/" for 127.0.0.1 at 2023-11-17 18:05:33 +0100
Processing by HomeController#index as HTML
  Rendering layout layouts/application.html.erb
  Rendering home/index.html.erb within layouts/application
  Rendered home/index.html.erb within layouts/application (Duration: 0.1ms | Allocations: 7)
  Rendered home/_header.erb (Duration: 0.4ms | Allocations: 98)
  Rendered layout layouts/application.html.erb (Duration: 5.3ms | Allocations: 1236)
Completed 200 OK in 7ms (Views: 6.4ms | ActiveRecord: 0.0ms | Allocations: 1471)


Started GET "/" for 127.0.0.1 at 2023-11-17 18:08:46 +0100
Processing by HomeController#index as HTML
  Rendering layout layouts/application.html.erb
  Rendering home/index.html.erb within layouts/application
  Rendered home/index.html.erb within layouts/application (Duration: 0.0ms | Allocations: 7)
  Rendered home/_header.erb (Duration: 0.6ms | Allocations: 98)
  Rendered layout layouts/application.html.erb (Duration: 12.2ms | Allocations: 1245)
Completed 200 OK in 13ms (Views: 12.8ms | ActiveRecord: 0.0ms | Allocations: 1480)


Started GET "/home/about" for 127.0.0.1 at 2023-11-17 18:08:47 +0100
Processing by HomeController#about as HTML
  Rendering layout layouts/application.html.erb
  Rendering home/about.html.erb within layouts/application
  Rendered home/about.html.erb within layouts/application (Duration: 0.1ms | Allocations: 6)
  Rendered home/_header.erb (Duration: 0.3ms | Allocations: 98)
  Rendered layout layouts/application.html.erb (Duration: 4.3ms | Allocations: 1248)
Completed 200 OK in 5ms (Views: 5.0ms | ActiveRecord: 0.0ms | Allocations: 1483)


Started GET "/home/contact" for 127.0.0.1 at 2023-11-17 18:08:47 +0100
Processing by HomeController#contact as HTML
  Rendering layout layouts/application.html.erb
  Rendering home/contact.html.erb within layouts/application
  Rendered home/contact.html.erb within layouts/application (Duration: 0.0ms | Allocations: 6)
  Rendered home/_header.erb (Duration: 0.4ms | Allocations: 98)
  Rendered layout layouts/application.html.erb (Duration: 3.6ms | Allocations: 1250)
Completed 200 OK in 5ms (Views: 4.2ms | ActiveRecord: 0.0ms | Allocations: 1485)


Started GET "/" for 127.0.0.1 at 2023-11-17 18:08:48 +0100
Processing by HomeController#index as HTML
  Rendering layout layouts/application.html.erb
  Rendering home/index.html.erb within layouts/application
  Rendered home/index.html.erb within layouts/application (Duration: 0.0ms | Allocations: 7)
  Rendered home/_header.erb (Duration: 0.3ms | Allocations: 98)
  Rendered layout layouts/application.html.erb (Duration: 3.0ms | Allocations: 1251)
Completed 200 OK in 4ms (Views: 3.5ms | ActiveRecord: 0.0ms | Allocations: 1487)


